<?xml version="1.0" encoding="UTF-8"?>
<testng-results ignored="0" total="2" passed="2" failed="0" skipped="0">
  <reporter-output>
  </reporter-output>
  <suite started-at="2023-04-12T13:23:19 IST" name="Suite" finished-at="2023-04-12T13:23:30 IST" duration-ms="11191">
    <groups>
      <group name="cucumber">
        <method signature="AbstractTestNGCucumberTests.runScenario(io.cucumber.testng.PickleWrapper,io.cucumber.testng.FeatureWrapper)[pri:0, instance:com.ecommerce.ebay.cucumberspecifics.TestRunner@6392827e]" name="runScenario" class="io.cucumber.testng.AbstractTestNGCucumberTests"/>
      </group> <!-- cucumber -->
    </groups>
    <test started-at="2023-04-12T13:23:19 IST" name="Test" finished-at="2023-04-12T13:23:30 IST" duration-ms="11191">
      <class name="com.ecommerce.ebay.cucumberspecifics.TestRunner">
        <test-method is-config="true" signature="setUpClass(org.testng.ITestContext)[pri:0, instance:com.ecommerce.ebay.cucumberspecifics.TestRunner@6392827e]" started-at="2023-04-12T13:23:19 IST" name="setUpClass" finished-at="2023-04-12T13:23:20 IST" duration-ms="1519" status="PASS">
          <params>
            <param index="0">
              <value>
                <![CDATA[org.testng.TestRunner@7b9c2387]]>
              </value>
            </param>
          </params>
          <reporter-output>
          </reporter-output>
        </test-method> <!-- setUpClass -->
        <test-method signature="runScenario(io.cucumber.testng.PickleWrapper,io.cucumber.testng.FeatureWrapper)[pri:0, instance:com.ecommerce.ebay.cucumberspecifics.TestRunner@6392827e]" started-at="2023-04-12T13:23:20 IST" name="runScenario" description="Runs Cucumber Scenarios" data-provider="scenarios" finished-at="2023-04-12T13:23:25 IST" duration-ms="4784" status="PASS">
          <params>
            <param index="0">
              <value>
                <![CDATA["Access a Product via category after applying multiple filters"]]>
              </value>
            </param>
            <param index="1">
              <value>
                <![CDATA["Search functionality"]]>
              </value>
            </param>
          </params>
          <reporter-output>
          </reporter-output>
        </test-method> <!-- runScenario -->
        <test-method signature="runScenario(io.cucumber.testng.PickleWrapper,io.cucumber.testng.FeatureWrapper)[pri:0, instance:com.ecommerce.ebay.cucumberspecifics.TestRunner@6392827e]" started-at="2023-04-12T13:23:25 IST" name="runScenario" description="Runs Cucumber Scenarios" data-provider="scenarios" finished-at="2023-04-12T13:23:28 IST" duration-ms="2346" status="PASS">
          <params>
            <param index="0">
              <value>
                <![CDATA["Access a Product via Search"]]>
              </value>
            </param>
            <param index="1">
              <value>
                <![CDATA["Search functionality"]]>
              </value>
            </param>
          </params>
          <reporter-output>
          </reporter-output>
        </test-method> <!-- runScenario -->
        <test-method is-config="true" signature="tearDownClass()[pri:0, instance:com.ecommerce.ebay.cucumberspecifics.TestRunner@6392827e]" started-at="2023-04-12T13:23:28 IST" name="tearDownClass" finished-at="2023-04-12T13:23:30 IST" duration-ms="2459" status="PASS">
          <reporter-output>
          </reporter-output>
        </test-method> <!-- tearDownClass -->
      </class> <!-- com.ecommerce.ebay.cucumberspecifics.TestRunner -->
    </test> <!-- Test -->
  </suite> <!-- Suite -->
</testng-results>
