<?xml version="1.0" encoding="UTF-8"?>
<testng-results ignored="0" total="2" passed="2" failed="0" skipped="0">
  <reporter-output>
  </reporter-output>
  <suite started-at="2023-04-12T21:32:36 IST" name="Suite" finished-at="2023-04-12T21:33:05 IST" duration-ms="28727">
    <groups>
      <group name="cucumber">
        <method signature="AbstractTestNGCucumberTests.runScenario(io.cucumber.testng.PickleWrapper,io.cucumber.testng.FeatureWrapper)[pri:0, instance:com.ecommerce.ebay.cucumberspecifics.TestRunner@6c284af]" name="runScenario" class="io.cucumber.testng.AbstractTestNGCucumberTests"/>
      </group> <!-- cucumber -->
    </groups>
    <test started-at="2023-04-12T21:32:36 IST" name="Test" finished-at="2023-04-12T21:33:05 IST" duration-ms="28727">
      <class name="com.ecommerce.ebay.cucumberspecifics.TestRunner">
        <test-method is-config="true" signature="setUpClass(org.testng.ITestContext)[pri:0, instance:com.ecommerce.ebay.cucumberspecifics.TestRunner@6c284af]" started-at="2023-04-12T21:32:36 IST" name="setUpClass" finished-at="2023-04-12T21:32:37 IST" duration-ms="1098" status="PASS">
          <params>
            <param index="0">
              <value>
                <![CDATA[org.testng.TestRunner@2aac6fa7]]>
              </value>
            </param>
          </params>
          <reporter-output>
          </reporter-output>
        </test-method> <!-- setUpClass -->
        <test-method signature="runScenario(io.cucumber.testng.PickleWrapper,io.cucumber.testng.FeatureWrapper)[pri:0, instance:com.ecommerce.ebay.cucumberspecifics.TestRunner@6c284af]" started-at="2023-04-12T21:32:37 IST" name="runScenario" description="Runs Cucumber Scenarios" data-provider="scenarios" finished-at="2023-04-12T21:32:56 IST" duration-ms="19166" status="PASS">
          <params>
            <param index="0">
              <value>
                <![CDATA["Access a Product via category after applying multiple filters"]]>
              </value>
            </param>
            <param index="1">
              <value>
                <![CDATA["Search functionality"]]>
              </value>
            </param>
          </params>
          <reporter-output>
          </reporter-output>
        </test-method> <!-- runScenario -->
        <test-method signature="runScenario(io.cucumber.testng.PickleWrapper,io.cucumber.testng.FeatureWrapper)[pri:0, instance:com.ecommerce.ebay.cucumberspecifics.TestRunner@6c284af]" started-at="2023-04-12T21:32:56 IST" name="runScenario" description="Runs Cucumber Scenarios" data-provider="scenarios" finished-at="2023-04-12T21:33:03 IST" duration-ms="6718" status="PASS">
          <params>
            <param index="0">
              <value>
                <![CDATA["Access a Product via Search"]]>
              </value>
            </param>
            <param index="1">
              <value>
                <![CDATA["Search functionality"]]>
              </value>
            </param>
          </params>
          <reporter-output>
          </reporter-output>
        </test-method> <!-- runScenario -->
        <test-method is-config="true" signature="tearDownClass()[pri:0, instance:com.ecommerce.ebay.cucumberspecifics.TestRunner@6c284af]" started-at="2023-04-12T21:33:03 IST" name="tearDownClass" finished-at="2023-04-12T21:33:05 IST" duration-ms="1691" status="PASS">
          <reporter-output>
          </reporter-output>
        </test-method> <!-- tearDownClass -->
      </class> <!-- com.ecommerce.ebay.cucumberspecifics.TestRunner -->
    </test> <!-- Test -->
  </suite> <!-- Suite -->
</testng-results>
